{"/Users/simondi/PROJECTS/generators/generator-python-bone/app/index.js":{"path":"/Users/simondi/PROJECTS/generators/generator-python-bone/app/index.js","s":{"1":1,"2":1,"3":1,"4":1,"5":1,"6":1,"7":1,"8":1,"9":1,"10":1,"11":1,"12":5,"13":1,"14":1,"15":2,"16":1,"17":1,"18":1,"19":1,"20":1,"21":1,"22":1,"23":1,"24":8,"25":1,"26":1,"27":6,"28":1},"b":{},"f":{"1":1,"2":1,"3":1},"fnMap":{"1":{"name":"(anonymous_1)","line":9,"loc":{"start":{"line":9,"column":13},"end":{"line":9,"column":16}}},"2":{"name":"(anonymous_2)","line":41,"loc":{"start":{"line":41,"column":11},"end":{"line":41,"column":14}}},"3":{"name":"(anonymous_3)","line":148,"loc":{"start":{"line":148,"column":7},"end":{"line":148,"column":10}}}},"statementMap":{"1":{"start":{"line":3,"column":0},"end":{"line":3,"column":44}},"2":{"start":{"line":4,"column":0},"end":{"line":4,"column":29}},"3":{"start":{"line":5,"column":0},"end":{"line":5,"column":29}},"4":{"start":{"line":6,"column":0},"end":{"line":6,"column":31}},"5":{"start":{"line":8,"column":0},"end":{"line":151,"column":2}},"6":{"start":{"line":10,"column":8},"end":{"line":38,"column":11}},"7":{"start":{"line":36,"column":12},"end":{"line":36,"column":32}},"8":{"start":{"line":37,"column":12},"end":{"line":37,"column":39}},"9":{"start":{"line":43,"column":8},"end":{"line":47,"column":15}},"10":{"start":{"line":49,"column":8},"end":{"line":49,"column":91}},"11":{"start":{"line":50,"column":8},"end":{"line":59,"column":9}},"12":{"start":{"line":51,"column":12},"end":{"line":58,"column":15}},"13":{"start":{"line":61,"column":8},"end":{"line":61,"column":53}},"14":{"start":{"line":62,"column":8},"end":{"line":71,"column":9}},"15":{"start":{"line":63,"column":12},"end":{"line":70,"column":15}},"16":{"start":{"line":73,"column":8},"end":{"line":81,"column":15}},"17":{"start":{"line":83,"column":8},"end":{"line":89,"column":15}},"18":{"start":{"line":91,"column":8},"end":{"line":98,"column":15}},"19":{"start":{"line":100,"column":8},"end":{"line":108,"column":15}},"20":{"start":{"line":110,"column":8},"end":{"line":115,"column":15}},"21":{"start":{"line":117,"column":8},"end":{"line":122,"column":15}},"22":{"start":{"line":124,"column":8},"end":{"line":128,"column":10}},"23":{"start":{"line":130,"column":8},"end":{"line":134,"column":9}},"24":{"start":{"line":131,"column":12},"end":{"line":133,"column":47}},"25":{"start":{"line":136,"column":8},"end":{"line":139,"column":10}},"26":{"start":{"line":141,"column":8},"end":{"line":145,"column":9}},"27":{"start":{"line":142,"column":12},"end":{"line":144,"column":54}},"28":{"start":{"line":149,"column":8},"end":{"line":149,"column":27}}},"branchMap":{}}}